# Logfile created on Fri Jan 05 10:49:02 +0000 2007 by logger.rb/1.5.2.9
D, [2007-01-05T10:49:02.875000 #3880] DEBUG -- : TRACING ON Fri Jan 05 10:49:02 +0000 2007
D, [2007-01-25T20:28:28.718000 #3812] DEBUG -- : TRACING ON Thu Jan 25 20:28:28 +0000 2007
D, [2007-02-07T20:15:40.203000 #3296] DEBUG -- : TRACING ON Wed Feb 07 20:15:40 +0000 2007
FILES OPEN AT EXIT
--- 
c:/ruby/polaris/config/../log/development.log: 1
log/mongrel_debug/files.log: 1

D, [2007-02-07T20:16:35.015000 #3240] DEBUG -- : TRACING ON Wed Feb 07 20:16:35 +0000 2007
FILES OPEN AT EXIT
--- 
c:/ruby/polaris/config/../log/development.log: 1
log/mongrel_debug/files.log: 1

D, [2007-02-27T23:21:13.375000 #11628] DEBUG -- : TRACING ON Tue Feb 27 23:21:13 +0000 2007
FILES OPEN AT EXIT
--- 
c:/ruby/polaris/config/../log/development.log: 1
log/mongrel_debug/files.log: 1

D, [2007-02-28T09:51:32.812000 #9400] DEBUG -- : TRACING ON Wed Feb 28 09:51:32 +0000 2007
FILES OPEN AT EXIT
--- 
c:/ruby/polaris/config/../log/development.log: 1
log/mongrel_debug/files.log: 1

D, [2007-02-28T11:48:48.234000 #9728] DEBUG -- : TRACING ON Wed Feb 28 11:48:48 +0000 2007
FILES OPEN AT EXIT
--- 
c:/ruby/polaris/config/../log/development.log: 1
log/mongrel_debug/files.log: 1

D, [2007-02-28T12:07:57.328000 #624] DEBUG -- : TRACING ON Wed Feb 28 12:07:57 +0000 2007
FILES OPEN AT EXIT
--- 
c:/ruby/polaris/config/../log/development.log: 1
log/mongrel_debug/files.log: 1

D, [2007-02-28T12:09:26.390000 #9728] DEBUG -- : TRACING ON Wed Feb 28 12:09:26 +0000 2007
FILES OPEN AT EXIT
--- 
c:/ruby/polaris/config/../log/development.log: 1
log/mongrel_debug/files.log: 1

D, [2007-02-28T12:09:55.234000 #1596] DEBUG -- : TRACING ON Wed Feb 28 12:09:55 +0000 2007
FILES OPEN AT EXIT
--- 
c:/ruby/polaris/config/../log/development.log: 1
log/mongrel_debug/files.log: 1

D, [2007-02-28T13:10:01.390000 #5584] DEBUG -- : TRACING ON Wed Feb 28 13:10:01 +0000 2007
FILES OPEN AT EXIT
--- 
c:/ruby/polaris/config/../log/development.log: 1
log/mongrel_debug/files.log: 1

D, [2007-02-28T13:20:20.593000 #5256] DEBUG -- : TRACING ON Wed Feb 28 13:20:20 +0000 2007
FILES OPEN AT EXIT
--- 
c:/ruby/polaris/config/../log/development.log: 1
log/mongrel_debug/files.log: 1

D, [2007-02-28T14:55:24.000000 #8388] DEBUG -- : TRACING ON Wed Feb 28 14:55:24 +0000 2007
FILES OPEN AT EXIT
--- 
c:/ruby/polaris/config/../log/development.log: 1
log/mongrel_debug/files.log: 1

D, [2007-02-28T14:57:36.078000 #9252] DEBUG -- : TRACING ON Wed Feb 28 14:57:36 +0000 2007
FILES OPEN AT EXIT
--- 
c:/ruby/polaris/config/../log/development.log: 1
log/mongrel_debug/files.log: 1

D, [2007-02-28T14:58:17.796000 #8424] DEBUG -- : TRACING ON Wed Feb 28 14:58:17 +0000 2007
FILES OPEN AT EXIT
--- 
c:/ruby/polaris/config/../log/development.log: 1
log/mongrel_debug/files.log: 1

D, [2007-02-28T14:58:51.562000 #2396] DEBUG -- : TRACING ON Wed Feb 28 14:58:51 +0000 2007
FILES OPEN AT EXIT
--- 
c:/ruby/polaris/config/../log/development.log: 1
log/mongrel_debug/files.log: 1

D, [2007-02-28T15:06:49.656000 #6864] DEBUG -- : TRACING ON Wed Feb 28 15:06:49 +0000 2007
FILES OPEN AT EXIT
--- 
c:/ruby/polaris/config/../log/development.log: 1
log/mongrel_debug/files.log: 1

D, [2007-02-28T15:08:38.890000 #9336] DEBUG -- : TRACING ON Wed Feb 28 15:08:38 +0000 2007
FILES OPEN AT EXIT
--- 
c:/ruby/polaris/config/../log/development.log: 1
log/mongrel_debug/files.log: 1

D, [2007-03-01T16:46:55.218000 #12004] DEBUG -- : TRACING ON Thu Mar 01 16:46:55 +0000 2007
FILES OPEN AT EXIT
--- 
c:/ruby/polaris/config/../log/development.log: 1
log/mongrel_debug/files.log: 1

D, [2007-03-01T16:47:51.406000 #7476] DEBUG -- : TRACING ON Thu Mar 01 16:47:51 +0000 2007
FILES OPEN AT EXIT
--- 
c:/ruby/polaris/config/../log/development.log: 1
log/mongrel_debug/files.log: 1

D, [2007-03-01T16:52:46.890000 #6472] DEBUG -- : TRACING ON Thu Mar 01 16:52:46 +0000 2007
FILES OPEN AT EXIT
--- 
c:/ruby/polaris/config/../log/development.log: 1
log/mongrel_debug/files.log: 1

D, [2007-03-01T17:07:35.484000 #5208] DEBUG -- : TRACING ON Thu Mar 01 17:07:35 +0000 2007
FILES OPEN AT EXIT
--- 
c:/ruby/polaris/config/../log/development.log: 1
log/mongrel_debug/files.log: 1

D, [2007-03-01T17:08:09.109000 #6136] DEBUG -- : TRACING ON Thu Mar 01 17:08:09 +0000 2007
FILES OPEN AT EXIT
--- 
c:/ruby/polaris/config/../log/development.log: 1
log/mongrel_debug/files.log: 1

D, [2007-03-01T17:10:15.468000 #9708] DEBUG -- : TRACING ON Thu Mar 01 17:10:15 +0000 2007
FILES OPEN AT EXIT
--- 
c:/ruby/polaris/config/../log/development.log: 1
log/mongrel_debug/files.log: 1

D, [2007-03-02T10:35:27.015000 #3100] DEBUG -- : TRACING ON Fri Mar 02 10:35:27 +0000 2007
FILES OPEN AT EXIT
--- 
log/mongrel_debug/files.log: 1

D, [2007-03-02T10:38:32.359000 #3648] DEBUG -- : TRACING ON Fri Mar 02 10:38:32 +0000 2007
FILES OPEN AT EXIT
--- 
c:/ruby/polaris/config/../log/development.log: 1
log/mongrel_debug/files.log: 1

D, [2007-03-05T09:32:47.750000 #568] DEBUG -- : TRACING ON Mon Mar 05 09:32:47 +0000 2007
FILES OPEN AT EXIT
--- 
c:/ruby/polaris/config/../log/development.log: 1
log/mongrel_debug/files.log: 1

D, [2007-03-06T15:14:17.546000 #664] DEBUG -- : TRACING ON Tue Mar 06 15:14:17 +0000 2007
FILES OPEN AT EXIT
--- 
c:/ruby/polaris/config/../log/development.log: 1
log/mongrel_debug/files.log: 1

D, [2008-01-16T08:22:18.312000 #652] DEBUG -- : TRACING ON Wed Jan 16 08:22:18 +0000 2008
FILES OPEN AT EXIT
--- 
c:/ruby/polaris/config/../log/development.log: 1
log/mongrel_debug/files.log: 1

D, [2008-07-22T19:59:18.031000 #2948] DEBUG -- : TRACING ON Tue Jul 22 19:59:18 +0100 2008
FILES OPEN AT EXIT
--- 
c:/ruby/polaris/config/../log/development.log: 1
log/mongrel_debug/files.log: 1

D, [2008-07-23T12:05:30.000000 #3996] DEBUG -- : TRACING ON Wed Jul 23 12:05:30 +0100 2008
FILES OPEN AT EXIT
--- 
c:/ruby/polaris/config/../log/development.log: 1
log/mongrel_debug/files.log: 1

D, [2008-07-23T12:10:44.046000 #2420] DEBUG -- : TRACING ON Wed Jul 23 12:10:44 +0100 2008
FILES OPEN AT EXIT
--- 
c:/ruby/polaris/config/../log/development.log: 1
log/mongrel_debug/files.log: 1

D, [2008-07-23T15:17:03.875000 #824] DEBUG -- : TRACING ON Wed Jul 23 15:17:03 +0100 2008
FILES OPEN AT EXIT
--- 
c:/ruby/polaris/config/../log/development.log: 1
log/mongrel_debug/files.log: 1

D, [2008-07-23T18:23:19.859000 #2256] DEBUG -- : TRACING ON Wed Jul 23 18:23:19 +0100 2008
FILES OPEN AT EXIT
--- 
c:/ruby/polaris/config/../log/development.log: 1
log/mongrel_debug/files.log: 1

D, [2008-07-23T22:12:15.171000 #3768] DEBUG -- : TRACING ON Wed Jul 23 22:12:15 +0100 2008
TRACING ON Thu Jul 24 11:30:33 +0100 2008
FILES OPEN AT EXIT
--- 
log/mongrel_debug/files.log: 1

FILES OPEN AT EXIT
--- 
c:/ruby/polaris/config/../log/development.log: 1
log/mongrel_debug/files.log: 1

D, [2008-07-24T22:21:53.640000 #2752] DEBUG -- : TRACING ON Thu Jul 24 22:21:53 +0100 2008
D, [2008-07-25T23:57:31.093000 #2316] DEBUG -- : TRACING ON Fri Jul 25 23:57:31 +0100 2008
D, [2008-07-28T13:40:51.109000 #3536] DEBUG -- : TRACING ON Mon Jul 28 13:40:51 +0100 2008
